<?xml version="1.0" encoding="UTF-8"?>
<coverage generated="1708287417016" clover="3.2.0">
  <project timestamp="1708287417016" name="All files">
    <metrics statements="24" coveredstatements="23" conditionals="2" coveredconditionals="2" methods="10" coveredmethods="9" elements="36" coveredelements="34" complexity="0" loc="24" ncloc="24" packages="2" files="2" classes="2"/>
    <package name="app">
      <metrics statements="7" coveredstatements="7" conditionals="1" coveredconditionals="1" methods="3" coveredmethods="3"/>
      <file name="Utils.ts" path="/Users/rupaklama/Desktop/jest-ts/src/app/Utils.ts">
        <metrics statements="7" coveredstatements="7" conditionals="1" coveredconditionals="1" methods="3" coveredmethods="3"/>
        <line num="1" count="1" type="stmt"/>
        <line num="3" count="3" type="cond" truecount="1" falsecount="0"/>
        <line num="5" count="1" type="stmt"/>
        <line num="9" count="1" type="stmt"/>
        <line num="10" count="8" type="stmt"/>
        <line num="21" count="1" type="stmt"/>
        <line num="22" count="1" type="stmt"/>
      </file>
    </package>
    <package name="doubles">
      <metrics statements="17" coveredstatements="16" conditionals="1" coveredconditionals="1" methods="7" coveredmethods="6"/>
      <file name="OtherUtils.ts" path="/Users/rupaklama/Desktop/jest-ts/src/doubles/OtherUtils.ts">
        <metrics statements="17" coveredstatements="16" conditionals="1" coveredconditionals="1" methods="7" coveredmethods="6"/>
        <line num="1" count="2" type="stmt"/>
        <line num="13" count="2" type="stmt"/>
        <line num="14" count="1" type="stmt"/>
        <line num="18" count="2" type="stmt"/>
        <line num="19" count="1" type="stmt"/>
        <line num="22" count="2" type="stmt"/>
        <line num="23" count="1" type="stmt"/>
        <line num="26" count="2" type="stmt"/>
        <line num="27" count="2" type="cond" truecount="1" falsecount="0"/>
        <line num="28" count="1" type="stmt"/>
        <line num="29" count="1" type="stmt"/>
        <line num="32" count="1" type="stmt"/>
        <line num="34" count="1" type="stmt"/>
        <line num="37" count="2" type="stmt"/>
        <line num="39" count="1" type="stmt"/>
        <line num="43" count="1" type="stmt"/>
        <line num="47" count="0" type="stmt"/>
      </file>
    </package>
  </project>
</coverage>
