TN:
SF:src/app/Utils.ts
FN:2,(anonymous_0)
FN:9,toUpperCase
FN:21,getStringInfo
FNF:3
FNH:3
FNDA:3,(anonymous_0)
FNDA:8,toUpperCase
FNDA:1,getStringInfo
DA:1,1
DA:3,3
DA:5,1
DA:9,1
DA:10,8
DA:21,1
DA:22,1
LF:7
LH:7
BRDA:3,0,0,2
BRF:1
BRH:1
end_of_record
TN:
SF:src/doubles/OtherUtils.ts
FN:13,toUpperCaseString
FN:18,toLowerCaseWithId
FN:22,calculateComplexity
FN:26,toUpperCase
FN:38,(anonymous_4)
FN:42,(anonymous_5)
FN:46,(anonymous_6)
FNF:7
FNH:6
FNDA:1,toUpperCaseString
FNDA:1,toLowerCaseWithId
FNDA:1,calculateComplexity
FNDA:2,toUpperCase
FNDA:1,(anonymous_4)
FNDA:1,(anonymous_5)
FNDA:0,(anonymous_6)
DA:1,2
DA:13,2
DA:14,1
DA:18,2
DA:19,1
DA:22,2
DA:23,1
DA:26,2
DA:27,2
DA:28,1
DA:29,1
DA:32,1
DA:34,1
DA:37,2
DA:39,1
DA:43,1
DA:47,0
LF:17
LH:16
BRDA:27,0,0,1
BRF:1
BRH:1
end_of_record
